<?xml version="1.0" encoding="UTF-8" ?>
<testsuite tests="2" failures="0" name="LogProcessingTest" time="2.844" errors="2" skipped="0">
  <properties>
[...]
</properties>
  <testcase classname="LogProcessingTest" name="getBrowserInfo" time="2.625">
    <error message="Cannot assign requested address: bind: Service &apos;sparkDriver&apos; failed after 16 retries (on a random free port)! Consider explicitly setting the appropriate binding address for the service &apos;sparkDriver&apos; (for example spark.driver.bindAddress for SparkDriver) to the correct binding address." type="java.net.BindException">java.net.BindException: Cannot assign requested address: bind: Service &apos;sparkDriver&apos; failed after 16 retries (on a random free port)! Consider explicitly setting the appropriate binding address for the service &apos;sparkDriver&apos; (for example spark.driver.bindAddress for SparkDriver) to the correct binding address.
	at java.base/sun.nio.ch.Net.bind0(Native Method)
	at java.base/sun.nio.ch.Net.bind(Net.java:455)
	at java.base/sun.nio.ch.Net.bind(Net.java:447)
	at java.base/sun.nio.ch.ServerSocketChannelImpl.bind(ServerSocketChannelImpl.java:219)
	at io.netty.channel.socket.nio.NioServerSocketChannel.doBind(NioServerSocketChannel.java:128)
	at io.netty.channel.AbstractChannel$AbstractUnsafe.bind(AbstractChannel.java:558)
	at io.netty.channel.DefaultChannelPipeline$HeadContext.bind(DefaultChannelPipeline.java:1283)
	at io.netty.channel.AbstractChannelHandlerContext.invokeBind(AbstractChannelHandlerContext.java:501)
	at io.netty.channel.AbstractChannelHandlerContext.bind(AbstractChannelHandlerContext.java:486)
	at io.netty.channel.DefaultChannelPipeline.bind(DefaultChannelPipeline.java:989)
	at io.netty.channel.AbstractChannel.bind(AbstractChannel.java:254)
	at io.netty.bootstrap.AbstractBootstrap$2.run(AbstractBootstrap.java:364)
	at io.netty.util.concurrent.AbstractEventExecutor.safeExecute(AbstractEventExecutor.java:163)
	at io.netty.util.concurrent.SingleThreadEventExecutor.runAllTasks(SingleThreadEventExecutor.java:403)
	at io.netty.channel.nio.NioEventLoop.run(NioEventLoop.java:463)
	at io.netty.util.concurrent.SingleThreadEventExecutor$5.run(SingleThreadEventExecutor.java:858)
	at io.netty.util.concurrent.DefaultThreadFactory$DefaultRunnableDecorator.run(DefaultThreadFactory.java:138)
	at java.base/java.lang.Thread.run(Thread.java:835)
</error>
    <system-err>Using Spark&apos;s default log4j profile: org/apache/spark/log4j-defaults.properties
20/02/25 21:09:18 INFO SparkContext: Running Spark version 2.4.4
20/02/25 21:09:18 WARN NativeCodeLoader: Unable to load native-hadoop library for your platform... using builtin-java classes where applicable
20/02/25 21:09:18 INFO SparkContext: Submitted application: Request reader
20/02/25 21:09:18 INFO SecurityManager: Changing view acls to: User
20/02/25 21:09:18 INFO SecurityManager: Changing modify acls to: User
20/02/25 21:09:18 INFO SecurityManager: Changing view acls groups to: 
20/02/25 21:09:18 INFO SecurityManager: Changing modify acls groups to: 
20/02/25 21:09:18 INFO SecurityManager: SecurityManager: authentication disabled; ui acls disabled; users  with view permissions: Set(User); groups with view permissions: Set(); users  with modify permissions: Set(User); groups with modify permissions: Set()
20/02/25 21:09:19 WARN Utils: Service &apos;sparkDriver&apos; could not bind on a random free port. You may check whether configuring an appropriate binding address.
20/02/25 21:09:19 WARN Utils: Service &apos;sparkDriver&apos; could not bind on a random free port. You may check whether configuring an appropriate binding address.
20/02/25 21:09:19 WARN Utils: Service &apos;sparkDriver&apos; could not bind on a random free port. You may check whether configuring an appropriate binding address.
20/02/25 21:09:19 WARN Utils: Service &apos;sparkDriver&apos; could not bind on a random free port. You may check whether configuring an appropriate binding address.
20/02/25 21:09:19 WARN Utils: Service &apos;sparkDriver&apos; could not bind on a random free port. You may check whether configuring an appropriate binding address.
20/02/25 21:09:19 WARN Utils: Service &apos;sparkDriver&apos; could not bind on a random free port. You may check whether configuring an appropriate binding address.
20/02/25 21:09:19 WARN Utils: Service &apos;sparkDriver&apos; could not bind on a random free port. You may check whether configuring an appropriate binding address.
20/02/25 21:09:19 WARN Utils: Service &apos;sparkDriver&apos; could not bind on a random free port. You may check whether configuring an appropriate binding address.
20/02/25 21:09:19 WARN Utils: Service &apos;sparkDriver&apos; could not bind on a random free port. You may check whether configuring an appropriate binding address.
20/02/25 21:09:19 WARN Utils: Service &apos;sparkDriver&apos; could not bind on a random free port. You may check whether configuring an appropriate binding address.
20/02/25 21:09:19 WARN Utils: Service &apos;sparkDriver&apos; could not bind on a random free port. You may check whether configuring an appropriate binding address.
20/02/25 21:09:19 WARN Utils: Service &apos;sparkDriver&apos; could not bind on a random free port. You may check whether configuring an appropriate binding address.
20/02/25 21:09:19 WARN Utils: Service &apos;sparkDriver&apos; could not bind on a random free port. You may check whether configuring an appropriate binding address.
20/02/25 21:09:19 WARN Utils: Service &apos;sparkDriver&apos; could not bind on a random free port. You may check whether configuring an appropriate binding address.
20/02/25 21:09:19 WARN Utils: Service &apos;sparkDriver&apos; could not bind on a random free port. You may check whether configuring an appropriate binding address.
20/02/25 21:09:19 WARN Utils: Service &apos;sparkDriver&apos; could not bind on a random free port. You may check whether configuring an appropriate binding address.
20/02/25 21:09:19 ERROR SparkContext: Error initializing SparkContext.
java.net.BindException: Cannot assign requested address: bind: Service &apos;sparkDriver&apos; failed after 16 retries (on a random free port)! Consider explicitly setting the appropriate binding address for the service &apos;sparkDriver&apos; (for example spark.driver.bindAddress for SparkDriver) to the correct binding address.
	at java.base/sun.nio.ch.Net.bind0(Native Method)
	at java.base/sun.nio.ch.Net.bind(Net.java:455)
	at java.base/sun.nio.ch.Net.bind(Net.java:447)
	at java.base/sun.nio.ch.ServerSocketChannelImpl.bind(ServerSocketChannelImpl.java:219)
	at io.netty.channel.socket.nio.NioServerSocketChannel.doBind(NioServerSocketChannel.java:128)
	at io.netty.channel.AbstractChannel$AbstractUnsafe.bind(AbstractChannel.java:558)
	at io.netty.channel.DefaultChannelPipeline$HeadContext.bind(DefaultChannelPipeline.java:1283)
	at io.netty.channel.AbstractChannelHandlerContext.invokeBind(AbstractChannelHandlerContext.java:501)
	at io.netty.channel.AbstractChannelHandlerContext.bind(AbstractChannelHandlerContext.java:486)
	at io.netty.channel.DefaultChannelPipeline.bind(DefaultChannelPipeline.java:989)
	at io.netty.channel.AbstractChannel.bind(AbstractChannel.java:254)
	at io.netty.bootstrap.AbstractBootstrap$2.run(AbstractBootstrap.java:364)
	at io.netty.util.concurrent.AbstractEventExecutor.safeExecute(AbstractEventExecutor.java:163)
	at io.netty.util.concurrent.SingleThreadEventExecutor.runAllTasks(SingleThreadEventExecutor.java:403)
	at io.netty.channel.nio.NioEventLoop.run(NioEventLoop.java:463)
	at io.netty.util.concurrent.SingleThreadEventExecutor$5.run(SingleThreadEventExecutor.java:858)
	at io.netty.util.concurrent.DefaultThreadFactory$DefaultRunnableDecorator.run(DefaultThreadFactory.java:138)
	at java.base/java.lang.Thread.run(Thread.java:835)
20/02/25 21:09:19 INFO SparkContext: Successfully stopped SparkContext
</system-err>
  </testcase>
  <testcase classname="LogProcessingTest" name="getRequestsInfo" time="0.219">
    <error message="Cannot assign requested address: bind: Service &apos;sparkDriver&apos; failed after 16 retries (on a random free port)! Consider explicitly setting the appropriate binding address for the service &apos;sparkDriver&apos; (for example spark.driver.bindAddress for SparkDriver) to the correct binding address." type="java.net.BindException">java.net.BindException: Cannot assign requested address: bind: Service &apos;sparkDriver&apos; failed after 16 retries (on a random free port)! Consider explicitly setting the appropriate binding address for the service &apos;sparkDriver&apos; (for example spark.driver.bindAddress for SparkDriver) to the correct binding address.
	at java.base/sun.nio.ch.Net.bind0(Native Method)
	at java.base/sun.nio.ch.Net.bind(Net.java:455)
	at java.base/sun.nio.ch.Net.bind(Net.java:447)
	at java.base/sun.nio.ch.ServerSocketChannelImpl.bind(ServerSocketChannelImpl.java:219)
	at io.netty.channel.socket.nio.NioServerSocketChannel.doBind(NioServerSocketChannel.java:128)
	at io.netty.channel.AbstractChannel$AbstractUnsafe.bind(AbstractChannel.java:558)
	at io.netty.channel.DefaultChannelPipeline$HeadContext.bind(DefaultChannelPipeline.java:1283)
	at io.netty.channel.AbstractChannelHandlerContext.invokeBind(AbstractChannelHandlerContext.java:501)
	at io.netty.channel.AbstractChannelHandlerContext.bind(AbstractChannelHandlerContext.java:486)
	at io.netty.channel.DefaultChannelPipeline.bind(DefaultChannelPipeline.java:989)
	at io.netty.channel.AbstractChannel.bind(AbstractChannel.java:254)
	at io.netty.bootstrap.AbstractBootstrap$2.run(AbstractBootstrap.java:364)
	at io.netty.util.concurrent.AbstractEventExecutor.safeExecute(AbstractEventExecutor.java:163)
	at io.netty.util.concurrent.SingleThreadEventExecutor.runAllTasks(SingleThreadEventExecutor.java:403)
	at io.netty.channel.nio.NioEventLoop.run(NioEventLoop.java:463)
	at io.netty.util.concurrent.SingleThreadEventExecutor$5.run(SingleThreadEventExecutor.java:858)
	at io.netty.util.concurrent.DefaultThreadFactory$DefaultRunnableDecorator.run(DefaultThreadFactory.java:138)
	at java.base/java.lang.Thread.run(Thread.java:835)
</error>
    <system-err>20/02/25 21:09:19 WARN SparkContext: Another SparkContext is being constructed (or threw an exception in its constructor).  This may indicate an error, since only one SparkContext may be running in this JVM (see SPARK-2243). The other SparkContext was created at:
org.apache.spark.api.java.JavaSparkContext.&lt;init&gt;(JavaSparkContext.scala:58)
LogProcessing.&lt;init&gt;(LogProcessing.java:23)
LogProcessingTest.getBrowserInfo(LogProcessingTest.java:35)
java.base/jdk.internal.reflect.NativeMethodAccessorImpl.invoke0(Native Method)
java.base/jdk.internal.reflect.NativeMethodAccessorImpl.invoke(NativeMethodAccessorImpl.java:62)
java.base/jdk.internal.reflect.DelegatingMethodAccessorImpl.invoke(DelegatingMethodAccessorImpl.java:43)
java.base/java.lang.reflect.Method.invoke(Method.java:567)
org.junit.runners.model.FrameworkMethod$1.runReflectiveCall(FrameworkMethod.java:50)
org.junit.internal.runners.model.ReflectiveCallable.run(ReflectiveCallable.java:12)
org.junit.runners.model.FrameworkMethod.invokeExplosively(FrameworkMethod.java:47)
org.junit.internal.runners.statements.InvokeMethod.evaluate(InvokeMethod.java:17)
org.junit.runners.ParentRunner.runLeaf(ParentRunner.java:325)
org.junit.runners.BlockJUnit4ClassRunner.runChild(BlockJUnit4ClassRunner.java:78)
org.junit.runners.BlockJUnit4ClassRunner.runChild(BlockJUnit4ClassRunner.java:57)
org.junit.runners.ParentRunner$3.run(ParentRunner.java:290)
org.junit.runners.ParentRunner$1.schedule(ParentRunner.java:71)
org.junit.runners.ParentRunner.runChildren(ParentRunner.java:288)
org.junit.runners.ParentRunner.access$000(ParentRunner.java:58)
org.junit.runners.ParentRunner$2.evaluate(ParentRunner.java:268)
org.junit.runners.ParentRunner.run(ParentRunner.java:363)
20/02/25 21:09:19 INFO SparkContext: Running Spark version 2.4.4
20/02/25 21:09:19 INFO SparkContext: Submitted application: Request reader
20/02/25 21:09:19 INFO SecurityManager: Changing view acls to: User
20/02/25 21:09:19 INFO SecurityManager: Changing modify acls to: User
20/02/25 21:09:19 INFO SecurityManager: Changing view acls groups to: 
20/02/25 21:09:19 INFO SecurityManager: Changing modify acls groups to: 
20/02/25 21:09:19 INFO SecurityManager: SecurityManager: authentication disabled; ui acls disabled; users  with view permissions: Set(User); groups with view permissions: Set(); users  with modify permissions: Set(User); groups with modify permissions: Set()
20/02/25 21:09:19 WARN Utils: Service &apos;sparkDriver&apos; could not bind on a random free port. You may check whether configuring an appropriate binding address.
20/02/25 21:09:19 WARN Utils: Service &apos;sparkDriver&apos; could not bind on a random free port. You may check whether configuring an appropriate binding address.
20/02/25 21:09:20 WARN Utils: Service &apos;sparkDriver&apos; could not bind on a random free port. You may check whether configuring an appropriate binding address.
20/02/25 21:09:20 WARN Utils: Service &apos;sparkDriver&apos; could not bind on a random free port. You may check whether configuring an appropriate binding address.
20/02/25 21:09:20 WARN Utils: Service &apos;sparkDriver&apos; could not bind on a random free port. You may check whether configuring an appropriate binding address.
20/02/25 21:09:20 WARN Utils: Service &apos;sparkDriver&apos; could not bind on a random free port. You may check whether configuring an appropriate binding address.
20/02/25 21:09:20 WARN Utils: Service &apos;sparkDriver&apos; could not bind on a random free port. You may check whether configuring an appropriate binding address.
20/02/25 21:09:20 WARN Utils: Service &apos;sparkDriver&apos; could not bind on a random free port. You may check whether configuring an appropriate binding address.
20/02/25 21:09:20 WARN Utils: Service &apos;sparkDriver&apos; could not bind on a random free port. You may check whether configuring an appropriate binding address.
20/02/25 21:09:20 WARN Utils: Service &apos;sparkDriver&apos; could not bind on a random free port. You may check whether configuring an appropriate binding address.
20/02/25 21:09:20 WARN Utils: Service &apos;sparkDriver&apos; could not bind on a random free port. You may check whether configuring an appropriate binding address.
20/02/25 21:09:20 WARN Utils: Service &apos;sparkDriver&apos; could not bind on a random free port. You may check whether configuring an appropriate binding address.
20/02/25 21:09:20 WARN Utils: Service &apos;sparkDriver&apos; could not bind on a random free port. You may check whether configuring an appropriate binding address.
20/02/25 21:09:20 WARN Utils: Service &apos;sparkDriver&apos; could not bind on a random free port. You may check whether configuring an appropriate binding address.
20/02/25 21:09:20 WARN Utils: Service &apos;sparkDriver&apos; could not bind on a random free port. You may check whether configuring an appropriate binding address.
20/02/25 21:09:20 WARN Utils: Service &apos;sparkDriver&apos; could not bind on a random free port. You may check whether configuring an appropriate binding address.
20/02/25 21:09:20 ERROR SparkContext: Error initializing SparkContext.
java.net.BindException: Cannot assign requested address: bind: Service &apos;sparkDriver&apos; failed after 16 retries (on a random free port)! Consider explicitly setting the appropriate binding address for the service &apos;sparkDriver&apos; (for example spark.driver.bindAddress for SparkDriver) to the correct binding address.
	at java.base/sun.nio.ch.Net.bind0(Native Method)
	at java.base/sun.nio.ch.Net.bind(Net.java:455)
	at java.base/sun.nio.ch.Net.bind(Net.java:447)
	at java.base/sun.nio.ch.ServerSocketChannelImpl.bind(ServerSocketChannelImpl.java:219)
	at io.netty.channel.socket.nio.NioServerSocketChannel.doBind(NioServerSocketChannel.java:128)
	at io.netty.channel.AbstractChannel$AbstractUnsafe.bind(AbstractChannel.java:558)
	at io.netty.channel.DefaultChannelPipeline$HeadContext.bind(DefaultChannelPipeline.java:1283)
	at io.netty.channel.AbstractChannelHandlerContext.invokeBind(AbstractChannelHandlerContext.java:501)
	at io.netty.channel.AbstractChannelHandlerContext.bind(AbstractChannelHandlerContext.java:486)
	at io.netty.channel.DefaultChannelPipeline.bind(DefaultChannelPipeline.java:989)
	at io.netty.channel.AbstractChannel.bind(AbstractChannel.java:254)
	at io.netty.bootstrap.AbstractBootstrap$2.run(AbstractBootstrap.java:364)
	at io.netty.util.concurrent.AbstractEventExecutor.safeExecute(AbstractEventExecutor.java:163)
	at io.netty.util.concurrent.SingleThreadEventExecutor.runAllTasks(SingleThreadEventExecutor.java:403)
	at io.netty.channel.nio.NioEventLoop.run(NioEventLoop.java:463)
	at io.netty.util.concurrent.SingleThreadEventExecutor$5.run(SingleThreadEventExecutor.java:858)
	at io.netty.util.concurrent.DefaultThreadFactory$DefaultRunnableDecorator.run(DefaultThreadFactory.java:138)
	at java.base/java.lang.Thread.run(Thread.java:835)
20/02/25 21:09:20 INFO SparkContext: Successfully stopped SparkContext
</system-err>
  </testcase>
</testsuite>